[debug] > Exec(early(addDefaultCommands), None, None)
[debug] > Exec(addDefaultCommands, None, None)
[debug] > Exec(early(initialize), None, None)
[debug] > Exec(initialize, None, None)
[debug] > Exec(boot, None, None)
[debug] > Exec(writeSbtVersion, None, None)
[debug] > Exec(reload, None, None)
[debug] > Exec(sbtStashOnFailure, None, None)
[debug] > Exec(onFailure loadFailed, None, None)
[debug] > Exec(loadp, None, None)
[info] welcome to sbt 1.9.7 (Amazon.com Inc. Java 11.0.21)
[debug] Load.defaultLoad until apply took 343.091099ms
[debug]           Load.loadUnit: plugins took 274.3419ms
[debug]           Load.loadUnit: defsScala took 0.7424ms
[debug] [Loading] Scanning directory D:\first_project\project
[debug] [Loading] Found non-root projects 
[debug] [Loading] Done in D:\first_project\project, returning: ()
[debug] deducing auto plugins based on known facts Set(Atom(sbt.plugins.CorePlugin)) and clauses Clauses(Clause(Atom(sbt.plugins.JvmPlugin),Set(Atom(sbt.plugins.IvyPlugin)))
[debug] Clause(Atom(sbt.ScriptedPlugin),Set(Atom(sbt.plugins.JvmPlugin)))
[debug] Clause(Atom(sbt.plugins.SbtPlugin),Set(Atom(sbt.ScriptedPlugin)))
[debug] Clause(Atom(sbt.plugins.SemanticdbPlugin),Set(Atom(sbt.plugins.JvmPlugin)))
[debug] Clause(Atom(sbt.plugins.JUnitXmlReportPlugin),Set(Atom(sbt.plugins.JvmPlugin)))
[debug] Clause(Atom(sbt.plugins.MiniDependencyTreePlugin),Set(Atom(sbt.plugins.JvmPlugin)))
[debug] Clause(Atom(sbt.plugins.CorePlugin),Set(Atom(sbt.plugins.IvyPlugin)))
[debug] Clause(Atom(sbt.plugins.IvyPlugin),Set(Atom(sbt.plugins.JvmPlugin)))
[debug] Clause(Atom(sbt.plugins.JvmPlugin),Set(Atom(sbt.plugins.SemanticdbPlugin)))
[debug] Clause(Atom(sbt.plugins.JvmPlugin),Set(Atom(sbt.plugins.JUnitXmlReportPlugin)))
[debug] Clause(Atom(sbt.plugins.CorePlugin),Set(Atom(sbt.plugins.Giter8TemplatePlugin)))
[debug] Clause(Atom(sbt.plugins.JvmPlugin),Set(Atom(sbt.plugins.MiniDependencyTreePlugin))))
[debug]   :: deduced result: Matched(sbt.plugins.CorePlugin,sbt.plugins.Giter8TemplatePlugin,sbt.plugins.IvyPlugin,sbt.plugins.JvmPlugin,sbt.plugins.MiniDependencyTreePlugin,sbt.plugins.JUnitXmlReportPlugin,sbt.plugins.SemanticdbPlugin)
[debug] Plugins.deducer#function took 54.328 ms
[debug]               Load.resolveProject(first_project-build) took 157.603199ms
[debug]             Load.loadTransitive: finalizeProject(Project(id first_project-build, base: D:\first_project\project, plugins: List(<none>))) took 276.818099ms
[debug] [Loading] Done in D:\first_project\project, returning: (first_project-build)
[debug]           Load.loadUnit: loadedProjectsRaw took 321.273501ms
[debug]           Load.loadUnit: cleanEvalClasses took 0.8815ms
[debug]         Load.loadUnit(file:/D:/first_project/project/, ...) took 609.039001ms
[debug]       Load.apply: load took 1049.8851ms
[debug]       Load.apply: resolveProjects took 17.7865ms
[debug]       Load.apply: finalTransforms took 262.1642ms
[debug]       Load.apply: config.delegates took 20.765101ms
[debug]       Load.apply: Def.make(settings)... took 2205.2925ms
[debug]       Load.apply: structureIndex took 246.3993ms
[debug]       Load.apply: mkStreams took 3.413901ms
[info] loading project definition from D:\first_project\project
[debug] Running task... Cancel: Signal, check cycles: false, forcegc: true
[debug]     Load.loadUnit: plugins took 5768.4812ms
[debug]     Load.loadUnit: defsScala took 0.0062ms
[debug] [Loading] Scanning directory D:\first_project
[debug]       Load.loadUnit: mkEval took 12.521ms
[debug] [Loading] Found non-root projects 
[debug] [Loading] Done in D:\first_project, returning: ()
[debug] deducing auto plugins based on known facts Set(Atom(sbt.plugins.CorePlugin)) and clauses Clauses(Clause(Atom(sbt.plugins.JvmPlugin),Set(Atom(sbt.plugins.IvyPlugin)))
[debug] Clause(Atom(sbt.ScriptedPlugin),Set(Atom(sbt.plugins.JvmPlugin)))
[debug] Clause(Atom(sbt.plugins.SbtPlugin),Set(Atom(sbt.ScriptedPlugin)))
[debug] Clause(Atom(sbt.plugins.SemanticdbPlugin),Set(Atom(sbt.plugins.JvmPlugin)))
[debug] Clause(Atom(sbt.plugins.JUnitXmlReportPlugin),Set(Atom(sbt.plugins.JvmPlugin)))
[debug] Clause(Atom(sbt.plugins.MiniDependencyTreePlugin),Set(Atom(sbt.plugins.JvmPlugin)))
[debug] Clause(Atom(sbt.plugins.CorePlugin),Set(Atom(sbt.plugins.IvyPlugin)))
[debug] Clause(Atom(sbt.plugins.IvyPlugin),Set(Atom(sbt.plugins.JvmPlugin)))
[debug] Clause(Atom(sbt.plugins.JvmPlugin),Set(Atom(sbt.plugins.SemanticdbPlugin)))
[debug] Clause(Atom(sbt.plugins.JvmPlugin),Set(Atom(sbt.plugins.JUnitXmlReportPlugin)))
[debug] Clause(Atom(sbt.plugins.CorePlugin),Set(Atom(sbt.plugins.Giter8TemplatePlugin)))
[debug] Clause(Atom(sbt.plugins.JvmPlugin),Set(Atom(sbt.plugins.MiniDependencyTreePlugin))))
[debug]   :: deduced result: Matched(sbt.plugins.CorePlugin,sbt.plugins.Giter8TemplatePlugin,sbt.plugins.IvyPlugin,sbt.plugins.JvmPlugin,sbt.plugins.MiniDependencyTreePlugin,sbt.plugins.JUnitXmlReportPlugin,sbt.plugins.SemanticdbPlugin)
[debug] Plugins.deducer#function took 5.5205 ms
[info] loading settings for project first_project from build.sbt ...
[debug]         Load.resolveProject(first_project) took 6.1905ms
[debug]       Load.loadTransitive: finalizeProject(Project(id first_project, base: D:\first_project, plugins: List(<none>))) took 13.007901ms
[debug] [Loading] Done in D:\first_project, returning: (first_project)
[debug]     Load.loadUnit: loadedProjectsRaw took 309.541099ms
[debug]     Load.loadUnit: cleanEvalClasses took 21.3807ms
[debug]   Load.loadUnit(file:/D:/first_project/, ...) took 6102.908599ms
[debug] Load.apply: load took 6163.4045ms
[debug] Load.apply: resolveProjects took 0.209401ms
[debug] Load.apply: finalTransforms took 39.5309ms
[debug] Load.apply: config.delegates took 0.868399ms
[debug] Load.apply: Def.make(settings)... took 432.7844ms
[debug] Load.apply: structureIndex took 173.225301ms
[debug] Load.apply: mkStreams took 0.003101ms
[info] set current project to first_project (in build file:/D:/first_project/)
[debug] > Exec(sbtPopOnFailure, None, None)
[debug] > Exec(resumeFromFailure, None, None)
[debug] > Exec(notifyUsersAboutShell, None, None)
[debug] > Exec(iflast shell, None, None)
[debug] > Exec(shell, None, None)
[info] sbt server started at local:sbt-server-8a5b7894fed403f7030a
[debug] Writing bsp connection file
[info] started sbt server
